<?xml version="1.0" encoding="UTF-8"?>
<testsuite xmlns:xsi="http://www.w3.org/2001/XMLSchema-instance" xsi:noNamespaceSchemaLocation="https://maven.apache.org/surefire/maven-surefire-plugin/xsd/surefire-test-report-3.0.xsd" version="3.0" name="com.example.reloader.service.MetadataImporterServiceIntegrationTest" time="11.163" tests="1" errors="0" skipped="0" failures="0">
  <properties>
[...]
</properties>
  <testcase name="testDiscoverAndEnqueue" classname="com.example.reloader.service.MetadataImporterServiceIntegrationTest" time="0.219">
    <system-out><![CDATA[02:28:06.628 [main] INFO org.springframework.test.context.support.AnnotationConfigContextLoaderUtils -- Could not detect default configuration classes for test class [com.example.reloader.service.MetadataImporterServiceIntegrationTest]: MetadataImporterServiceIntegrationTest does not declare any static, non-private, non-final, nested classes annotated with @Configuration.
02:28:06.862 [main] INFO org.springframework.boot.test.context.SpringBootTestContextBootstrapper -- Found @SpringBootConfiguration com.example.reloader.ReloaderApplication for test class com.example.reloader.service.MetadataImporterServiceIntegrationTest

  .   ____          _            __ _ _
 /\\ / ___'_ __ _ _(_)_ __  __ _ \ \ \ \
( ( )\___ | '_ | '_| | '_ \/ _` | \ \ \ \
 \\/  ___)| |_)| | | | | || (_| |  ) ) ) )
  '  |____| .__|_| |_|_| |_\__, | / / / /
 =========|_|==============|___/=/_/_/_/
 :: Spring Boot ::                (v3.2.0)

2025-09-26T02:28:07.407Z  INFO 65080 --- [           main] s.MetadataImporterServiceIntegrationTest : Starting MetadataImporterServiceIntegrationTest using Java 21.0.7 with PID 65080 (started by codespace in /workspaces/sender/backend)
2025-09-26T02:28:07.417Z  INFO 65080 --- [           main] s.MetadataImporterServiceIntegrationTest : No active profile set, falling back to 1 default profile: "default"
2025-09-26T02:28:08.675Z  INFO 65080 --- [           main] .s.d.r.c.RepositoryConfigurationDelegate : Bootstrapping Spring Data JPA repositories in DEFAULT mode.
2025-09-26T02:28:08.750Z  INFO 65080 --- [           main] .s.d.r.c.RepositoryConfigurationDelegate : Finished Spring Data repository scanning in 68 ms. Found 4 JPA repository interfaces.
2025-09-26T02:28:11.183Z  INFO 65080 --- [           main] com.zaxxer.hikari.HikariDataSource       : HikariPool-1 - Starting...
2025-09-26T02:28:11.695Z  INFO 65080 --- [           main] com.zaxxer.hikari.pool.HikariPool        : HikariPool-1 - Added connection conn0: url=jdbc:h2:mem:reloader user=SA
2025-09-26T02:28:11.696Z  INFO 65080 --- [           main] com.zaxxer.hikari.HikariDataSource       : HikariPool-1 - Start completed.
2025-09-26T02:28:11.777Z  INFO 65080 --- [           main] liquibase.database                       : Set default schema name to PUBLIC
2025-09-26T02:28:12.917Z  INFO 65080 --- [           main] liquibase.changelog                      : Creating database history table with name: PUBLIC.DATABASECHANGELOG
2025-09-26T02:28:13.026Z  INFO 65080 --- [           main] liquibase.changelog                      : Reading from PUBLIC.DATABASECHANGELOG
2025-09-26T02:28:13.259Z  INFO 65080 --- [           main] liquibase.lockservice                    : Successfully acquired change log lock
2025-09-26T02:28:13.261Z  INFO 65080 --- [           main] liquibase.command                        : Using deploymentId: 8853693260
2025-09-26T02:28:13.262Z  INFO 65080 --- [           main] liquibase.changelog                      : Reading from PUBLIC.DATABASECHANGELOG
Running Changeset: db/changelog/db.changelog-1.0.xml::1::copilot
2025-09-26T02:28:13.362Z  INFO 65080 --- [           main] liquibase.changelog                      : Table sender_queue created
2025-09-26T02:28:13.363Z  INFO 65080 --- [           main] liquibase.changelog                      : ChangeSet db/changelog/db.changelog-1.0.xml::1::copilot ran successfully in 13ms
Running Changeset: db/changelog/db.changelog-1.0.xml::3::copilot
2025-09-26T02:28:13.383Z  INFO 65080 --- [           main] liquibase.changelog                      : Unique constraint added to sender_queue(sender_id, payload_id)
2025-09-26T02:28:13.384Z  INFO 65080 --- [           main] liquibase.changelog                      : ChangeSet db/changelog/db.changelog-1.0.xml::3::copilot ran successfully in 7ms
Running Changeset: db/changelog/db.changelog-1.0.xml::2::copilot
2025-09-26T02:28:13.400Z  INFO 65080 --- [           main] liquibase.changelog                      : Table refresh_tokens created
2025-09-26T02:28:13.407Z  INFO 65080 --- [           main] liquibase.changelog                      : Index idx_refresh_token_token created
2025-09-26T02:28:13.409Z  INFO 65080 --- [           main] liquibase.changelog                      : Index idx_refresh_token_username created
2025-09-26T02:28:13.409Z  INFO 65080 --- [           main] liquibase.changelog                      : ChangeSet db/changelog/db.changelog-1.0.xml::2::copilot ran successfully in 13ms
Running Changeset: db/changelog/db.changelog-1.0.xml::4::copilot
2025-09-26T02:28:13.450Z  INFO 65080 --- [           main] liquibase.changelog                      : Table external_environment created
2025-09-26T02:28:13.458Z  INFO 65080 --- [           main] liquibase.changelog                      : Table external_location created
2025-09-26T02:28:13.468Z  INFO 65080 --- [           main] liquibase.changelog                      : Foreign key constraint added to external_location (environment_id)
2025-09-26T02:28:13.470Z  INFO 65080 --- [           main] liquibase.changelog                      : Index idx_loc_env created
2025-09-26T02:28:13.470Z  INFO 65080 --- [           main] liquibase.changelog                      : ChangeSet db/changelog/db.changelog-1.0.xml::4::copilot ran successfully in 30ms
Running Changeset: db/changelog/db.changelog-1.0.xml::5::copilot
2025-09-26T02:28:13.493Z  INFO 65080 --- [           main] liquibase.changelog                      : Columns site(VARCHAR(100)) added to external_location
2025-09-26T02:28:13.493Z  INFO 65080 --- [           main] liquibase.changelog                      : ChangeSet db/changelog/db.changelog-1.0.xml::5::copilot ran successfully in 15ms
Running Changeset: db/changelog/db.changelog-1.0.xml::6::copilot
2025-09-26T02:28:13.513Z  INFO 65080 --- [           main] liquibase.changelog                      : Custom SQL executed
2025-09-26T02:28:13.513Z  INFO 65080 --- [           main] liquibase.changelog                      : ChangeSet db/changelog/db.changelog-1.0.xml::6::copilot ran successfully in 17ms
2025-09-26T02:28:13.520Z  INFO 65080 --- [           main] liquibase.util                           : UPDATE SUMMARY
2025-09-26T02:28:13.520Z  INFO 65080 --- [           main] liquibase.util                           : Run:                          6
2025-09-26T02:28:13.520Z  INFO 65080 --- [           main] liquibase.util                           : Previously run:               0
2025-09-26T02:28:13.520Z  INFO 65080 --- [           main] liquibase.util                           : Filtered out:                 0
2025-09-26T02:28:13.520Z  INFO 65080 --- [           main] liquibase.util                           : -------------------------------
2025-09-26T02:28:13.520Z  INFO 65080 --- [           main] liquibase.util                           : Total change sets:            6
2025-09-26T02:28:13.521Z  INFO 65080 --- [           main] liquibase.util                           : Update summary generated
2025-09-26T02:28:13.524Z  INFO 65080 --- [           main] liquibase.command                        : Update command completed successfully.
Liquibase: Update has been successful. Rows affected: 6
2025-09-26T02:28:13.529Z  INFO 65080 --- [           main] liquibase.lockservice                    : Successfully released change log lock
2025-09-26T02:28:13.530Z  INFO 65080 --- [           main] liquibase.command                        : Command execution complete
2025-09-26T02:28:13.658Z  INFO 65080 --- [           main] o.hibernate.jpa.internal.util.LogHelper  : HHH000204: Processing PersistenceUnitInfo [name: default]
2025-09-26T02:28:13.719Z  INFO 65080 --- [           main] org.hibernate.Version                    : HHH000412: Hibernate ORM core version 6.3.1.Final
2025-09-26T02:28:13.753Z  INFO 65080 --- [           main] o.h.c.internal.RegionFactoryInitiator    : HHH000026: Second-level cache disabled
2025-09-26T02:28:13.878Z  INFO 65080 --- [           main] o.s.o.j.p.SpringPersistenceUnitInfo      : No LoadTimeWeaver setup: ignoring JPA class transformer
2025-09-26T02:28:13.917Z  WARN 65080 --- [           main] org.hibernate.orm.deprecation            : HHH90000025: H2Dialect does not need to be specified explicitly using 'hibernate.dialect' (remove the property setting and it will be selected by default)
2025-09-26T02:28:14.808Z  INFO 65080 --- [           main] o.h.e.t.j.p.i.JtaPlatformInitiator       : HHH000489: No JTA platform available (set 'hibernate.transaction.jta.platform' to enable JTA platform integration)
2025-09-26T02:28:14.883Z  INFO 65080 --- [           main] j.LocalContainerEntityManagerFactoryBean : Initialized JPA EntityManagerFactory for persistence unit 'default'
2025-09-26T02:28:15.651Z  INFO 65080 --- [           main] o.s.d.j.r.query.QueryEnhancerFactory     : Hibernate is in classpath; If applicable, HQL parser will be used.
2025-09-26T02:28:16.269Z  WARN 65080 --- [           main] JpaBaseConfiguration$JpaWebConfiguration : spring.jpa.open-in-view is enabled by default. Therefore, database queries may be performed during view rendering. Explicitly configure spring.jpa.open-in-view to disable this warning
2025-09-26T02:28:16.756Z  INFO 65080 --- [           main] o.s.s.web.DefaultSecurityFilterChain     : Will secure any request with [org.springframework.security.web.session.DisableEncodeUrlFilter@7ae76b2, org.springframework.security.web.context.request.async.WebAsyncManagerIntegrationFilter@76928be0, org.springframework.security.web.context.SecurityContextHolderFilter@1b67ea5f, org.springframework.security.web.header.HeaderWriterFilter@684d5845, org.springframework.web.filter.CorsFilter@d367d7d, org.springframework.security.web.authentication.logout.LogoutFilter@b280053, org.springframework.security.web.authentication.www.BasicAuthenticationFilter@78e077f8, org.springframework.security.web.savedrequest.RequestCacheAwareFilter@1b3a8975, org.springframework.security.web.servletapi.SecurityContextHolderAwareRequestFilter@2a1c6186, org.springframework.security.web.authentication.AnonymousAuthenticationFilter@3131c0d8, org.springframework.security.web.access.ExceptionTranslationFilter@66e8fa2c, org.springframework.security.web.access.intercept.AuthorizationFilter@3fddbcb1]
2025-09-26T02:28:17.217Z  INFO 65080 --- [           main] o.s.l.c.support.AbstractContextSource    : Property 'userDn' not set - anonymous context will be used for read-write operations
2025-09-26T02:28:17.302Z  INFO 65080 --- [           main] s.MetadataImporterServiceIntegrationTest : Started MetadataImporterServiceIntegrationTest in 10.279 seconds (process running for 11.794)
2025-09-26T02:28:17.478Z  INFO 65080 --- [           main] c.e.r.service.MetadataImporterService    : External queue size for sender 42 is 1
2025-09-26T02:28:17.487Z  INFO 65080 --- [           main] c.e.r.service.MetadataImporterService    : Discovered 2 rows and enqueued 2 payloads for sender 42. Skipped 0 already-present.
]]></system-out>
    <system-err><![CDATA[WARNING: A Java agent has been loaded dynamically (/home/codespace/.m2/repository/net/bytebuddy/byte-buddy-agent/1.14.10/byte-buddy-agent-1.14.10.jar)
WARNING: If a serviceability tool is in use, please run with -XX:+EnableDynamicAgentLoading to hide this warning
WARNING: If a serviceability tool is not in use, please run with -Djdk.instrument.traceUsage for more information
WARNING: Dynamic loading of agents will be disallowed by default in a future release
]]></system-err>
  </testcase>
</testsuite>