<?xml version="1.0" encoding="UTF-8"?>
<testsuite xmlns:xsi="http://www.w3.org/2001/XMLSchema-instance" xsi:noNamespaceSchemaLocation="https://maven.apache.org/surefire/maven-surefire-plugin/xsd/surefire-test-report-3.0.xsd" version="3.0" name="com.example.reloader.repository.JdbcExternalMetadataRepositoryIntegrationTest" time="1.465" tests="3" errors="0" skipped="0" failures="0">
  <properties>
[...]
</properties>
  <testcase name="testFindSendersMatchesNullTestPhaseWhenBlankOrNone" classname="com.example.reloader.repository.JdbcExternalMetadataRepositoryIntegrationTest" time="0.041">
    <system-out><![CDATA[2025-09-26T02:28:22.201Z  INFO 65080 --- [           main] t.c.s.AnnotationConfigContextLoaderUtils : Could not detect default configuration classes for test class [com.example.reloader.repository.JdbcExternalMetadataRepositoryIntegrationTest]: JdbcExternalMetadataRepositoryIntegrationTest does not declare any static, non-private, non-final, nested classes annotated with @Configuration.
2025-09-26T02:28:22.223Z  INFO 65080 --- [           main] .b.t.c.SpringBootTestContextBootstrapper : Found @SpringBootConfiguration com.example.reloader.ReloaderApplication for test class com.example.reloader.repository.JdbcExternalMetadataRepositoryIntegrationTest

  .   ____          _            __ _ _
 /\\ / ___'_ __ _ _(_)_ __  __ _ \ \ \ \
( ( )\___ | '_ | '_| | '_ \/ _` | \ \ \ \
 \\/  ___)| |_)| | | | | || (_| |  ) ) ) )
  '  |____| .__|_| |_|_| |_\__, | / / / /
 =========|_|==============|___/=/_/_/_/
 :: Spring Boot ::                (v3.2.0)

2025-09-26T02:28:22.254Z  INFO 65080 --- [           main] xternalMetadataRepositoryIntegrationTest : Starting JdbcExternalMetadataRepositoryIntegrationTest using Java 21.0.7 with PID 65080 (started by codespace in /workspaces/sender/backend)
2025-09-26T02:28:22.254Z  INFO 65080 --- [           main] xternalMetadataRepositoryIntegrationTest : No active profile set, falling back to 1 default profile: "default"
2025-09-26T02:28:22.429Z  INFO 65080 --- [           main] .s.d.r.c.RepositoryConfigurationDelegate : Bootstrapping Spring Data JPA repositories in DEFAULT mode.
2025-09-26T02:28:22.441Z  INFO 65080 --- [           main] .s.d.r.c.RepositoryConfigurationDelegate : Finished Spring Data repository scanning in 12 ms. Found 4 JPA repository interfaces.
2025-09-26T02:28:22.592Z  INFO 65080 --- [           main] com.zaxxer.hikari.HikariDataSource       : HikariPool-4 - Starting...
2025-09-26T02:28:22.595Z  INFO 65080 --- [           main] com.zaxxer.hikari.pool.HikariPool        : HikariPool-4 - Added connection conn33: url=jdbc:h2:mem:reloader user=SA
2025-09-26T02:28:22.595Z  INFO 65080 --- [           main] com.zaxxer.hikari.HikariDataSource       : HikariPool-4 - Start completed.
2025-09-26T02:28:22.596Z  INFO 65080 --- [           main] liquibase.database                       : Set default schema name to PUBLIC
2025-09-26T02:28:22.833Z  INFO 65080 --- [           main] liquibase.changelog                      : Reading from PUBLIC.DATABASECHANGELOG
2025-09-26T02:28:22.884Z  INFO 65080 --- [           main] liquibase.lockservice                    : Successfully acquired change log lock
2025-09-26T02:28:22.884Z  INFO 65080 --- [           main] liquibase.command                        : Using deploymentId: 8853702884
2025-09-26T02:28:22.885Z  INFO 65080 --- [           main] liquibase.changelog                      : Reading from PUBLIC.DATABASECHANGELOG
2025-09-26T02:28:22.893Z  INFO 65080 --- [           main] liquibase.util                           : UPDATE SUMMARY
2025-09-26T02:28:22.893Z  INFO 65080 --- [           main] liquibase.util                           : Run:                          0
2025-09-26T02:28:22.894Z  INFO 65080 --- [           main] liquibase.util                           : Previously run:               6
2025-09-26T02:28:22.894Z  INFO 65080 --- [           main] liquibase.util                           : Filtered out:                 0
2025-09-26T02:28:22.894Z  INFO 65080 --- [           main] liquibase.util                           : -------------------------------
2025-09-26T02:28:22.894Z  INFO 65080 --- [           main] liquibase.util                           : Total change sets:            6
2025-09-26T02:28:22.894Z  INFO 65080 --- [           main] liquibase.util                           : Update summary generated
2025-09-26T02:28:22.894Z  INFO 65080 --- [           main] liquibase.command                        : Update command completed successfully.
Liquibase: Update has been successful. Rows affected: 0
2025-09-26T02:28:22.897Z  INFO 65080 --- [           main] liquibase.lockservice                    : Successfully released change log lock
2025-09-26T02:28:22.897Z  INFO 65080 --- [           main] liquibase.command                        : Command execution complete
2025-09-26T02:28:22.931Z  INFO 65080 --- [           main] o.hibernate.jpa.internal.util.LogHelper  : HHH000204: Processing PersistenceUnitInfo [name: default]
2025-09-26T02:28:22.935Z  INFO 65080 --- [           main] o.h.c.internal.RegionFactoryInitiator    : HHH000026: Second-level cache disabled
2025-09-26T02:28:22.939Z  INFO 65080 --- [           main] o.s.o.j.p.SpringPersistenceUnitInfo      : No LoadTimeWeaver setup: ignoring JPA class transformer
2025-09-26T02:28:22.940Z  WARN 65080 --- [           main] org.hibernate.orm.deprecation            : HHH90000025: H2Dialect does not need to be specified explicitly using 'hibernate.dialect' (remove the property setting and it will be selected by default)
2025-09-26T02:28:23.105Z  INFO 65080 --- [           main] o.h.e.t.j.p.i.JtaPlatformInitiator       : HHH000489: No JTA platform available (set 'hibernate.transaction.jta.platform' to enable JTA platform integration)
2025-09-26T02:28:23.114Z  INFO 65080 --- [           main] j.LocalContainerEntityManagerFactoryBean : Initialized JPA EntityManagerFactory for persistence unit 'default'
2025-09-26T02:28:23.309Z  WARN 65080 --- [           main] JpaBaseConfiguration$JpaWebConfiguration : spring.jpa.open-in-view is enabled by default. Therefore, database queries may be performed during view rendering. Explicitly configure spring.jpa.open-in-view to disable this warning
2025-09-26T02:28:23.418Z  INFO 65080 --- [           main] o.s.s.web.DefaultSecurityFilterChain     : Will secure any request with [org.springframework.security.web.session.DisableEncodeUrlFilter@39ec5c80, org.springframework.security.web.context.request.async.WebAsyncManagerIntegrationFilter@3a4e2acf, org.springframework.security.web.context.SecurityContextHolderFilter@2af8ce5b, org.springframework.security.web.header.HeaderWriterFilter@4d4c127c, org.springframework.web.filter.CorsFilter@d42320e, org.springframework.security.web.authentication.logout.LogoutFilter@46bcce3d, org.springframework.security.web.authentication.www.BasicAuthenticationFilter@1981a4ab, org.springframework.security.web.savedrequest.RequestCacheAwareFilter@75d2d535, org.springframework.security.web.servletapi.SecurityContextHolderAwareRequestFilter@7a87a40, org.springframework.security.web.authentication.AnonymousAuthenticationFilter@19727bf1, org.springframework.security.web.access.ExceptionTranslationFilter@4ec789f6, org.springframework.security.web.access.intercept.AuthorizationFilter@619ac42c]
2025-09-26T02:28:23.542Z  INFO 65080 --- [           main] o.s.l.c.support.AbstractContextSource    : Property 'userDn' not set - anonymous context will be used for read-write operations
2025-09-26T02:28:23.569Z  INFO 65080 --- [           main] xternalMetadataRepositoryIntegrationTest : Started JdbcExternalMetadataRepositoryIntegrationTest in 1.342 seconds (process running for 18.062)
]]></system-out>
  </testcase>
  <testcase name="testFindMetadataReturnsAllMatchingRows" classname="com.example.reloader.repository.JdbcExternalMetadataRepositoryIntegrationTest" time="0.018"/>
  <testcase name="testStreamMetadataRespectsLimit" classname="com.example.reloader.repository.JdbcExternalMetadataRepositoryIntegrationTest" time="0.021"/>
</testsuite>